Created by PLY version 3.11 (http://www.dabeaz.com/ply)

Grammar

Rule 0     S' -> sentence
Rule 1     sentence -> ADJECTIVE NOUN VERB ADJECTIVE NOUN
Rule 2     sentence -> VERB CONJUNCTION ARTICAL NOUN VERB ADJECTIVE
Rule 3     sentence -> NOUN VERB ARTICAL ADJECTIVE NOUN
Rule 4     sentence -> PRONOUN ADVERB VERB CONJUNCTION PRONOUN VERB GERUND
Rule 5     sentence -> CONTRUDICTION VERB ARTICAL NOUN CONJUNCTION VERB PRONOUN
Rule 6     sentence -> NOUN PREPOSITION ARTICAL NOUN VERB ADVERB
Rule 7     sentence -> PRONOUN VERB PRONOUN CONJUNCTION PRONOUN CONTRUDICTION PRONOUN
Rule 8     sentence -> NOUN VERB PRONOUN
Rule 9     sentence -> VERB PREPOSITION VERB PREPOSITION PRONOUN VERB
Rule 10    sentence -> NOUN ADJECTIVE VERB
Rule 11    sentence -> VERB NOUN CONJUNCTION ADJECTIVE
Rule 12    sentence -> VERB NOUN VERB NOUN NOUN
Rule 13    sentence -> VERB NOUN VERB NOUN
Rule 14    sentence -> PREPOSITION VERB PREPOSITION VERB
Rule 15    sentence -> ADJECTIVE ADJECTIVE PREPOSITION ADJECTIVE
Rule 16    sentence -> CONJUNCTION VERB CONJUNCTION NOUN VERB
Rule 17    sentence -> CONJUNCTION VERB NOUN VERB CONJUNCTION VERB PRONOUN
Rule 18    sentence -> NOUN NOUN VERB NOUN
Rule 19    sentence -> NOUN CONJUNCTION VERB CONTRUDICTION CONJUNCTION VERB
Rule 20    sentence -> NOUN ADJECTIVE PREPOSITION NOUN ADJECTIVE

Terminals, with rules where they appear

ADJECTIVE            : 1 1 2 3 10 11 15 15 15 20 20
ADVERB               : 4 6
ARTICAL              : 2 3 5 6
CONJUNCTION          : 2 4 5 7 11 16 16 17 17 19 19
CONTRUDICTION        : 5 7 19
GERUND               : 4
NOUN                 : 1 1 2 3 3 5 6 6 8 10 11 12 12 12 13 13 16 17 18 18 18 19 20 20
PREPOSITION          : 6 9 9 14 14 15 20
PRONOUN              : 4 4 5 7 7 7 7 8 9 17
VERB                 : 1 2 2 3 4 4 5 5 6 7 8 9 9 9 10 11 12 12 13 13 14 14 16 16 17 17 17 18 19 19
error                : 

Nonterminals, with rules where they appear

sentence             : 0

Parsing method: LALR

state 0

    (0) S' -> . sentence
    (1) sentence -> . ADJECTIVE NOUN VERB ADJECTIVE NOUN
    (2) sentence -> . VERB CONJUNCTION ARTICAL NOUN VERB ADJECTIVE
    (3) sentence -> . NOUN VERB ARTICAL ADJECTIVE NOUN
    (4) sentence -> . PRONOUN ADVERB VERB CONJUNCTION PRONOUN VERB GERUND
    (5) sentence -> . CONTRUDICTION VERB ARTICAL NOUN CONJUNCTION VERB PRONOUN
    (6) sentence -> . NOUN PREPOSITION ARTICAL NOUN VERB ADVERB
    (7) sentence -> . PRONOUN VERB PRONOUN CONJUNCTION PRONOUN CONTRUDICTION PRONOUN
    (8) sentence -> . NOUN VERB PRONOUN
    (9) sentence -> . VERB PREPOSITION VERB PREPOSITION PRONOUN VERB
    (10) sentence -> . NOUN ADJECTIVE VERB
    (11) sentence -> . VERB NOUN CONJUNCTION ADJECTIVE
    (12) sentence -> . VERB NOUN VERB NOUN NOUN
    (13) sentence -> . VERB NOUN VERB NOUN
    (14) sentence -> . PREPOSITION VERB PREPOSITION VERB
    (15) sentence -> . ADJECTIVE ADJECTIVE PREPOSITION ADJECTIVE
    (16) sentence -> . CONJUNCTION VERB CONJUNCTION NOUN VERB
    (17) sentence -> . CONJUNCTION VERB NOUN VERB CONJUNCTION VERB PRONOUN
    (18) sentence -> . NOUN NOUN VERB NOUN
    (19) sentence -> . NOUN CONJUNCTION VERB CONTRUDICTION CONJUNCTION VERB
    (20) sentence -> . NOUN ADJECTIVE PREPOSITION NOUN ADJECTIVE

    ADJECTIVE       shift and go to state 2
    VERB            shift and go to state 4
    NOUN            shift and go to state 3
    PRONOUN         shift and go to state 6
    CONTRUDICTION   shift and go to state 7
    PREPOSITION     shift and go to state 8
    CONJUNCTION     shift and go to state 5

    sentence                       shift and go to state 1

state 1

    (0) S' -> sentence .



state 2

    (1) sentence -> ADJECTIVE . NOUN VERB ADJECTIVE NOUN
    (15) sentence -> ADJECTIVE . ADJECTIVE PREPOSITION ADJECTIVE

    NOUN            shift and go to state 10
    ADJECTIVE       shift and go to state 9


state 3

    (3) sentence -> NOUN . VERB ARTICAL ADJECTIVE NOUN
    (6) sentence -> NOUN . PREPOSITION ARTICAL NOUN VERB ADVERB
    (8) sentence -> NOUN . VERB PRONOUN
    (10) sentence -> NOUN . ADJECTIVE VERB
    (18) sentence -> NOUN . NOUN VERB NOUN
    (19) sentence -> NOUN . CONJUNCTION VERB CONTRUDICTION CONJUNCTION VERB
    (20) sentence -> NOUN . ADJECTIVE PREPOSITION NOUN ADJECTIVE

    VERB            shift and go to state 12
    PREPOSITION     shift and go to state 14
    ADJECTIVE       shift and go to state 13
    NOUN            shift and go to state 11
    CONJUNCTION     shift and go to state 15


state 4

    (2) sentence -> VERB . CONJUNCTION ARTICAL NOUN VERB ADJECTIVE
    (9) sentence -> VERB . PREPOSITION VERB PREPOSITION PRONOUN VERB
    (11) sentence -> VERB . NOUN CONJUNCTION ADJECTIVE
    (12) sentence -> VERB . NOUN VERB NOUN NOUN
    (13) sentence -> VERB . NOUN VERB NOUN

    CONJUNCTION     shift and go to state 16
    PREPOSITION     shift and go to state 18
    NOUN            shift and go to state 17


state 5

    (16) sentence -> CONJUNCTION . VERB CONJUNCTION NOUN VERB
    (17) sentence -> CONJUNCTION . VERB NOUN VERB CONJUNCTION VERB PRONOUN

    VERB            shift and go to state 19


state 6

    (4) sentence -> PRONOUN . ADVERB VERB CONJUNCTION PRONOUN VERB GERUND
    (7) sentence -> PRONOUN . VERB PRONOUN CONJUNCTION PRONOUN CONTRUDICTION PRONOUN

    ADVERB          shift and go to state 20
    VERB            shift and go to state 21


state 7

    (5) sentence -> CONTRUDICTION . VERB ARTICAL NOUN CONJUNCTION VERB PRONOUN

    VERB            shift and go to state 22


state 8

    (14) sentence -> PREPOSITION . VERB PREPOSITION VERB

    VERB            shift and go to state 23


state 9

    (15) sentence -> ADJECTIVE ADJECTIVE . PREPOSITION ADJECTIVE

    PREPOSITION     shift and go to state 24


state 10

    (1) sentence -> ADJECTIVE NOUN . VERB ADJECTIVE NOUN

    VERB            shift and go to state 25


state 11

    (18) sentence -> NOUN NOUN . VERB NOUN

    VERB            shift and go to state 26


state 12

    (3) sentence -> NOUN VERB . ARTICAL ADJECTIVE NOUN
    (8) sentence -> NOUN VERB . PRONOUN

    ARTICAL         shift and go to state 27
    PRONOUN         shift and go to state 28


state 13

    (10) sentence -> NOUN ADJECTIVE . VERB
    (20) sentence -> NOUN ADJECTIVE . PREPOSITION NOUN ADJECTIVE

    VERB            shift and go to state 29
    PREPOSITION     shift and go to state 30


state 14

    (6) sentence -> NOUN PREPOSITION . ARTICAL NOUN VERB ADVERB

    ARTICAL         shift and go to state 31


state 15

    (19) sentence -> NOUN CONJUNCTION . VERB CONTRUDICTION CONJUNCTION VERB

    VERB            shift and go to state 32


state 16

    (2) sentence -> VERB CONJUNCTION . ARTICAL NOUN VERB ADJECTIVE

    ARTICAL         shift and go to state 33


state 17

    (11) sentence -> VERB NOUN . CONJUNCTION ADJECTIVE
    (12) sentence -> VERB NOUN . VERB NOUN NOUN
    (13) sentence -> VERB NOUN . VERB NOUN

    CONJUNCTION     shift and go to state 35
    VERB            shift and go to state 34


state 18

    (9) sentence -> VERB PREPOSITION . VERB PREPOSITION PRONOUN VERB

    VERB            shift and go to state 36


state 19

    (16) sentence -> CONJUNCTION VERB . CONJUNCTION NOUN VERB
    (17) sentence -> CONJUNCTION VERB . NOUN VERB CONJUNCTION VERB PRONOUN

    CONJUNCTION     shift and go to state 37
    NOUN            shift and go to state 38


state 20

    (4) sentence -> PRONOUN ADVERB . VERB CONJUNCTION PRONOUN VERB GERUND

    VERB            shift and go to state 39


state 21

    (7) sentence -> PRONOUN VERB . PRONOUN CONJUNCTION PRONOUN CONTRUDICTION PRONOUN

    PRONOUN         shift and go to state 40


state 22

    (5) sentence -> CONTRUDICTION VERB . ARTICAL NOUN CONJUNCTION VERB PRONOUN

    ARTICAL         shift and go to state 41


state 23

    (14) sentence -> PREPOSITION VERB . PREPOSITION VERB

    PREPOSITION     shift and go to state 42


state 24

    (15) sentence -> ADJECTIVE ADJECTIVE PREPOSITION . ADJECTIVE

    ADJECTIVE       shift and go to state 43


state 25

    (1) sentence -> ADJECTIVE NOUN VERB . ADJECTIVE NOUN

    ADJECTIVE       shift and go to state 44


state 26

    (18) sentence -> NOUN NOUN VERB . NOUN

    NOUN            shift and go to state 45


state 27

    (3) sentence -> NOUN VERB ARTICAL . ADJECTIVE NOUN

    ADJECTIVE       shift and go to state 46


state 28

    (8) sentence -> NOUN VERB PRONOUN .

    $end            reduce using rule 8 (sentence -> NOUN VERB PRONOUN .)


state 29

    (10) sentence -> NOUN ADJECTIVE VERB .

    $end            reduce using rule 10 (sentence -> NOUN ADJECTIVE VERB .)


state 30

    (20) sentence -> NOUN ADJECTIVE PREPOSITION . NOUN ADJECTIVE

    NOUN            shift and go to state 47


state 31

    (6) sentence -> NOUN PREPOSITION ARTICAL . NOUN VERB ADVERB

    NOUN            shift and go to state 48


state 32

    (19) sentence -> NOUN CONJUNCTION VERB . CONTRUDICTION CONJUNCTION VERB

    CONTRUDICTION   shift and go to state 49


state 33

    (2) sentence -> VERB CONJUNCTION ARTICAL . NOUN VERB ADJECTIVE

    NOUN            shift and go to state 50


state 34

    (12) sentence -> VERB NOUN VERB . NOUN NOUN
    (13) sentence -> VERB NOUN VERB . NOUN

    NOUN            shift and go to state 51


state 35

    (11) sentence -> VERB NOUN CONJUNCTION . ADJECTIVE

    ADJECTIVE       shift and go to state 52


state 36

    (9) sentence -> VERB PREPOSITION VERB . PREPOSITION PRONOUN VERB

    PREPOSITION     shift and go to state 53


state 37

    (16) sentence -> CONJUNCTION VERB CONJUNCTION . NOUN VERB

    NOUN            shift and go to state 54


state 38

    (17) sentence -> CONJUNCTION VERB NOUN . VERB CONJUNCTION VERB PRONOUN

    VERB            shift and go to state 55


state 39

    (4) sentence -> PRONOUN ADVERB VERB . CONJUNCTION PRONOUN VERB GERUND

    CONJUNCTION     shift and go to state 56


state 40

    (7) sentence -> PRONOUN VERB PRONOUN . CONJUNCTION PRONOUN CONTRUDICTION PRONOUN

    CONJUNCTION     shift and go to state 57


state 41

    (5) sentence -> CONTRUDICTION VERB ARTICAL . NOUN CONJUNCTION VERB PRONOUN

    NOUN            shift and go to state 58


state 42

    (14) sentence -> PREPOSITION VERB PREPOSITION . VERB

    VERB            shift and go to state 59


state 43

    (15) sentence -> ADJECTIVE ADJECTIVE PREPOSITION ADJECTIVE .

    $end            reduce using rule 15 (sentence -> ADJECTIVE ADJECTIVE PREPOSITION ADJECTIVE .)


state 44

    (1) sentence -> ADJECTIVE NOUN VERB ADJECTIVE . NOUN

    NOUN            shift and go to state 60


state 45

    (18) sentence -> NOUN NOUN VERB NOUN .

    $end            reduce using rule 18 (sentence -> NOUN NOUN VERB NOUN .)


state 46

    (3) sentence -> NOUN VERB ARTICAL ADJECTIVE . NOUN

    NOUN            shift and go to state 61


state 47

    (20) sentence -> NOUN ADJECTIVE PREPOSITION NOUN . ADJECTIVE

    ADJECTIVE       shift and go to state 62


state 48

    (6) sentence -> NOUN PREPOSITION ARTICAL NOUN . VERB ADVERB

    VERB            shift and go to state 63


state 49

    (19) sentence -> NOUN CONJUNCTION VERB CONTRUDICTION . CONJUNCTION VERB

    CONJUNCTION     shift and go to state 64


state 50

    (2) sentence -> VERB CONJUNCTION ARTICAL NOUN . VERB ADJECTIVE

    VERB            shift and go to state 65


state 51

    (12) sentence -> VERB NOUN VERB NOUN . NOUN
    (13) sentence -> VERB NOUN VERB NOUN .

    NOUN            shift and go to state 66
    $end            reduce using rule 13 (sentence -> VERB NOUN VERB NOUN .)


state 52

    (11) sentence -> VERB NOUN CONJUNCTION ADJECTIVE .

    $end            reduce using rule 11 (sentence -> VERB NOUN CONJUNCTION ADJECTIVE .)


state 53

    (9) sentence -> VERB PREPOSITION VERB PREPOSITION . PRONOUN VERB

    PRONOUN         shift and go to state 67


state 54

    (16) sentence -> CONJUNCTION VERB CONJUNCTION NOUN . VERB

    VERB            shift and go to state 68


state 55

    (17) sentence -> CONJUNCTION VERB NOUN VERB . CONJUNCTION VERB PRONOUN

    CONJUNCTION     shift and go to state 69


state 56

    (4) sentence -> PRONOUN ADVERB VERB CONJUNCTION . PRONOUN VERB GERUND

    PRONOUN         shift and go to state 70


state 57

    (7) sentence -> PRONOUN VERB PRONOUN CONJUNCTION . PRONOUN CONTRUDICTION PRONOUN

    PRONOUN         shift and go to state 71


state 58

    (5) sentence -> CONTRUDICTION VERB ARTICAL NOUN . CONJUNCTION VERB PRONOUN

    CONJUNCTION     shift and go to state 72


state 59

    (14) sentence -> PREPOSITION VERB PREPOSITION VERB .

    $end            reduce using rule 14 (sentence -> PREPOSITION VERB PREPOSITION VERB .)


state 60

    (1) sentence -> ADJECTIVE NOUN VERB ADJECTIVE NOUN .

    $end            reduce using rule 1 (sentence -> ADJECTIVE NOUN VERB ADJECTIVE NOUN .)


state 61

    (3) sentence -> NOUN VERB ARTICAL ADJECTIVE NOUN .

    $end            reduce using rule 3 (sentence -> NOUN VERB ARTICAL ADJECTIVE NOUN .)


state 62

    (20) sentence -> NOUN ADJECTIVE PREPOSITION NOUN ADJECTIVE .

    $end            reduce using rule 20 (sentence -> NOUN ADJECTIVE PREPOSITION NOUN ADJECTIVE .)


state 63

    (6) sentence -> NOUN PREPOSITION ARTICAL NOUN VERB . ADVERB

    ADVERB          shift and go to state 73


state 64

    (19) sentence -> NOUN CONJUNCTION VERB CONTRUDICTION CONJUNCTION . VERB

    VERB            shift and go to state 74


state 65

    (2) sentence -> VERB CONJUNCTION ARTICAL NOUN VERB . ADJECTIVE

    ADJECTIVE       shift and go to state 75


state 66

    (12) sentence -> VERB NOUN VERB NOUN NOUN .

    $end            reduce using rule 12 (sentence -> VERB NOUN VERB NOUN NOUN .)


state 67

    (9) sentence -> VERB PREPOSITION VERB PREPOSITION PRONOUN . VERB

    VERB            shift and go to state 76


state 68

    (16) sentence -> CONJUNCTION VERB CONJUNCTION NOUN VERB .

    $end            reduce using rule 16 (sentence -> CONJUNCTION VERB CONJUNCTION NOUN VERB .)


state 69

    (17) sentence -> CONJUNCTION VERB NOUN VERB CONJUNCTION . VERB PRONOUN

    VERB            shift and go to state 77


state 70

    (4) sentence -> PRONOUN ADVERB VERB CONJUNCTION PRONOUN . VERB GERUND

    VERB            shift and go to state 78


state 71

    (7) sentence -> PRONOUN VERB PRONOUN CONJUNCTION PRONOUN . CONTRUDICTION PRONOUN

    CONTRUDICTION   shift and go to state 79


state 72

    (5) sentence -> CONTRUDICTION VERB ARTICAL NOUN CONJUNCTION . VERB PRONOUN

    VERB            shift and go to state 80


state 73

    (6) sentence -> NOUN PREPOSITION ARTICAL NOUN VERB ADVERB .

    $end            reduce using rule 6 (sentence -> NOUN PREPOSITION ARTICAL NOUN VERB ADVERB .)


state 74

    (19) sentence -> NOUN CONJUNCTION VERB CONTRUDICTION CONJUNCTION VERB .

    $end            reduce using rule 19 (sentence -> NOUN CONJUNCTION VERB CONTRUDICTION CONJUNCTION VERB .)


state 75

    (2) sentence -> VERB CONJUNCTION ARTICAL NOUN VERB ADJECTIVE .

    $end            reduce using rule 2 (sentence -> VERB CONJUNCTION ARTICAL NOUN VERB ADJECTIVE .)


state 76

    (9) sentence -> VERB PREPOSITION VERB PREPOSITION PRONOUN VERB .

    $end            reduce using rule 9 (sentence -> VERB PREPOSITION VERB PREPOSITION PRONOUN VERB .)


state 77

    (17) sentence -> CONJUNCTION VERB NOUN VERB CONJUNCTION VERB . PRONOUN

    PRONOUN         shift and go to state 81


state 78

    (4) sentence -> PRONOUN ADVERB VERB CONJUNCTION PRONOUN VERB . GERUND

    GERUND          shift and go to state 82


state 79

    (7) sentence -> PRONOUN VERB PRONOUN CONJUNCTION PRONOUN CONTRUDICTION . PRONOUN

    PRONOUN         shift and go to state 83


state 80

    (5) sentence -> CONTRUDICTION VERB ARTICAL NOUN CONJUNCTION VERB . PRONOUN

    PRONOUN         shift and go to state 84


state 81

    (17) sentence -> CONJUNCTION VERB NOUN VERB CONJUNCTION VERB PRONOUN .

    $end            reduce using rule 17 (sentence -> CONJUNCTION VERB NOUN VERB CONJUNCTION VERB PRONOUN .)


state 82

    (4) sentence -> PRONOUN ADVERB VERB CONJUNCTION PRONOUN VERB GERUND .

    $end            reduce using rule 4 (sentence -> PRONOUN ADVERB VERB CONJUNCTION PRONOUN VERB GERUND .)


state 83

    (7) sentence -> PRONOUN VERB PRONOUN CONJUNCTION PRONOUN CONTRUDICTION PRONOUN .

    $end            reduce using rule 7 (sentence -> PRONOUN VERB PRONOUN CONJUNCTION PRONOUN CONTRUDICTION PRONOUN .)


state 84

    (5) sentence -> CONTRUDICTION VERB ARTICAL NOUN CONJUNCTION VERB PRONOUN .

    $end            reduce using rule 5 (sentence -> CONTRUDICTION VERB ARTICAL NOUN CONJUNCTION VERB PRONOUN .)

